<?xml version="1.0" encoding="UTF-8"?>
<testsuite xmlns:xsi="http://www.w3.org/2001/XMLSchema-instance" xsi:noNamespaceSchemaLocation="https://maven.apache.org/surefire/maven-surefire-plugin/xsd/surefire-test-report.xsd" name="nl.bjornvanderlaan.springwebfluxkotlinfunctional.CatRouterTest" time="5.471" tests="10" errors="0" skipped="0" failures="0">
  <properties>
    <property name="gopherProxySet" value="false"/>
    <property name="awt.toolkit" value="sun.lwawt.macosx.LWCToolkit"/>
    <property name="java.specification.version" value="11"/>
    <property name="sun.cpu.isalist" value=""/>
    <property name="sun.jnu.encoding" value="UTF-8"/>
    <property name="java.class.path" value="/Users/ht66yb/Developer/spring-boot-webflux-kotlin-postgresql-example/target/test-classes:/Users/ht66yb/Developer/spring-boot-webflux-kotlin-postgresql-example/target/classes:/Users/ht66yb/.m2/repository/org/springframework/boot/spring-boot-starter-data-r2dbc/2.5.6/spring-boot-starter-data-r2dbc-2.5.6.jar:/Users/ht66yb/.m2/repository/org/springframework/boot/spring-boot-starter/2.5.6/spring-boot-starter-2.5.6.jar:/Users/ht66yb/.m2/repository/org/springframework/boot/spring-boot/2.5.6/spring-boot-2.5.6.jar:/Users/ht66yb/.m2/repository/org/springframework/boot/spring-boot-autoconfigure/2.5.6/spring-boot-autoconfigure-2.5.6.jar:/Users/ht66yb/.m2/repository/org/springframework/boot/spring-boot-starter-logging/2.5.6/spring-boot-starter-logging-2.5.6.jar:/Users/ht66yb/.m2/repository/ch/qos/logback/logback-classic/1.2.6/logback-classic-1.2.6.jar:/Users/ht66yb/.m2/repository/ch/qos/logback/logback-core/1.2.6/logback-core-1.2.6.jar:/Users/ht66yb/.m2/repository/org/apache/logging/log4j/log4j-to-slf4j/2.14.1/log4j-to-slf4j-2.14.1.jar:/Users/ht66yb/.m2/repository/org/apache/logging/log4j/log4j-api/2.14.1/log4j-api-2.14.1.jar:/Users/ht66yb/.m2/repository/org/slf4j/jul-to-slf4j/1.7.32/jul-to-slf4j-1.7.32.jar:/Users/ht66yb/.m2/repository/jakarta/annotation/jakarta.annotation-api/1.3.5/jakarta.annotation-api-1.3.5.jar:/Users/ht66yb/.m2/repository/org/yaml/snakeyaml/1.28/snakeyaml-1.28.jar:/Users/ht66yb/.m2/repository/org/springframework/data/spring-data-r2dbc/1.3.6/spring-data-r2dbc-1.3.6.jar:/Users/ht66yb/.m2/repository/org/springframework/data/spring-data-commons/2.5.6/spring-data-commons-2.5.6.jar:/Users/ht66yb/.m2/repository/org/springframework/data/spring-data-relational/2.2.6/spring-data-relational-2.2.6.jar:/Users/ht66yb/.m2/repository/org/springframework/spring-r2dbc/5.3.12/spring-r2dbc-5.3.12.jar:/Users/ht66yb/.m2/repository/org/springframework/spring-tx/5.3.12/spring-tx-5.3.12.jar:/Users/ht66yb/.m2/repository/org/springframework/spring-beans/5.3.12/spring-beans-5.3.12.jar:/Users/ht66yb/.m2/repository/org/slf4j/slf4j-api/1.7.32/slf4j-api-1.7.32.jar:/Users/ht66yb/.m2/repository/io/r2dbc/r2dbc-pool/0.8.7.RELEASE/r2dbc-pool-0.8.7.RELEASE.jar:/Users/ht66yb/.m2/repository/io/projectreactor/addons/reactor-pool/0.2.7/reactor-pool-0.2.7.jar:/Users/ht66yb/.m2/repository/org/springframework/boot/spring-boot-starter-webflux/2.5.6/spring-boot-starter-webflux-2.5.6.jar:/Users/ht66yb/.m2/repository/org/springframework/boot/spring-boot-starter-json/2.5.6/spring-boot-starter-json-2.5.6.jar:/Users/ht66yb/.m2/repository/com/fasterxml/jackson/datatype/jackson-datatype-jdk8/2.12.5/jackson-datatype-jdk8-2.12.5.jar:/Users/ht66yb/.m2/repository/com/fasterxml/jackson/datatype/jackson-datatype-jsr310/2.12.5/jackson-datatype-jsr310-2.12.5.jar:/Users/ht66yb/.m2/repository/com/fasterxml/jackson/module/jackson-module-parameter-names/2.12.5/jackson-module-parameter-names-2.12.5.jar:/Users/ht66yb/.m2/repository/org/springframework/boot/spring-boot-starter-reactor-netty/2.5.6/spring-boot-starter-reactor-netty-2.5.6.jar:/Users/ht66yb/.m2/repository/io/projectreactor/netty/reactor-netty-http/1.0.12/reactor-netty-http-1.0.12.jar:/Users/ht66yb/.m2/repository/io/netty/netty-codec-http/4.1.69.Final/netty-codec-http-4.1.69.Final.jar:/Users/ht66yb/.m2/repository/io/netty/netty-common/4.1.69.Final/netty-common-4.1.69.Final.jar:/Users/ht66yb/.m2/repository/io/netty/netty-buffer/4.1.69.Final/netty-buffer-4.1.69.Final.jar:/Users/ht66yb/.m2/repository/io/netty/netty-transport/4.1.69.Final/netty-transport-4.1.69.Final.jar:/Users/ht66yb/.m2/repository/io/netty/netty-codec/4.1.69.Final/netty-codec-4.1.69.Final.jar:/Users/ht66yb/.m2/repository/io/netty/netty-handler/4.1.69.Final/netty-handler-4.1.69.Final.jar:/Users/ht66yb/.m2/repository/io/netty/netty-codec-http2/4.1.69.Final/netty-codec-http2-4.1.69.Final.jar:/Users/ht66yb/.m2/repository/io/netty/netty-resolver-dns/4.1.69.Final/netty-resolver-dns-4.1.69.Final.jar:/Users/ht66yb/.m2/repository/io/netty/netty-resolver/4.1.69.Final/netty-resolver-4.1.69.Final.jar:/Users/ht66yb/.m2/repository/io/netty/netty-codec-dns/4.1.69.Final/netty-codec-dns-4.1.69.Final.jar:/Users/ht66yb/.m2/repository/io/netty/netty-resolver-dns-native-macos/4.1.69.Final/netty-resolver-dns-native-macos-4.1.69.Final-osx-x86_64.jar:/Users/ht66yb/.m2/repository/io/netty/netty-transport-native-unix-common/4.1.69.Final/netty-transport-native-unix-common-4.1.69.Final.jar:/Users/ht66yb/.m2/repository/io/netty/netty-transport-native-epoll/4.1.69.Final/netty-transport-native-epoll-4.1.69.Final-linux-x86_64.jar:/Users/ht66yb/.m2/repository/io/projectreactor/netty/reactor-netty-core/1.0.12/reactor-netty-core-1.0.12.jar:/Users/ht66yb/.m2/repository/io/netty/netty-handler-proxy/4.1.69.Final/netty-handler-proxy-4.1.69.Final.jar:/Users/ht66yb/.m2/repository/io/netty/netty-codec-socks/4.1.69.Final/netty-codec-socks-4.1.69.Final.jar:/Users/ht66yb/.m2/repository/org/springframework/spring-web/5.3.12/spring-web-5.3.12.jar:/Users/ht66yb/.m2/repository/org/springframework/spring-webflux/5.3.12/spring-webflux-5.3.12.jar:/Users/ht66yb/.m2/repository/io/r2dbc/r2dbc-h2/0.8.4.RELEASE/r2dbc-h2-0.8.4.RELEASE.jar:/Users/ht66yb/.m2/repository/com/h2database/h2/1.4.200/h2-1.4.200.jar:/Users/ht66yb/.m2/repository/io/projectreactor/reactor-core/3.4.11/reactor-core-3.4.11.jar:/Users/ht66yb/.m2/repository/io/r2dbc/r2dbc-spi/0.8.6.RELEASE/r2dbc-spi-0.8.6.RELEASE.jar:/Users/ht66yb/.m2/repository/org/reactivestreams/reactive-streams/1.0.3/reactive-streams-1.0.3.jar:/Users/ht66yb/.m2/repository/com/fasterxml/jackson/module/jackson-module-kotlin/2.12.5/jackson-module-kotlin-2.12.5.jar:/Users/ht66yb/.m2/repository/com/fasterxml/jackson/core/jackson-databind/2.12.5/jackson-databind-2.12.5.jar:/Users/ht66yb/.m2/repository/com/fasterxml/jackson/core/jackson-core/2.12.5/jackson-core-2.12.5.jar:/Users/ht66yb/.m2/repository/com/fasterxml/jackson/core/jackson-annotations/2.12.5/jackson-annotations-2.12.5.jar:/Users/ht66yb/.m2/repository/io/projectreactor/kotlin/reactor-kotlin-extensions/1.1.5/reactor-kotlin-extensions-1.1.5.jar:/Users/ht66yb/.m2/repository/org/jetbrains/kotlin/kotlin-reflect/1.5.31/kotlin-reflect-1.5.31.jar:/Users/ht66yb/.m2/repository/org/jetbrains/kotlin/kotlin-stdlib/1.5.31/kotlin-stdlib-1.5.31.jar:/Users/ht66yb/.m2/repository/org/jetbrains/annotations/13.0/annotations-13.0.jar:/Users/ht66yb/.m2/repository/org/jetbrains/kotlin/kotlin-stdlib-common/1.5.31/kotlin-stdlib-common-1.5.31.jar:/Users/ht66yb/.m2/repository/org/jetbrains/kotlin/kotlin-stdlib-jdk8/1.5.31/kotlin-stdlib-jdk8-1.5.31.jar:/Users/ht66yb/.m2/repository/org/jetbrains/kotlin/kotlin-stdlib-jdk7/1.5.31/kotlin-stdlib-jdk7-1.5.31.jar:/Users/ht66yb/.m2/repository/org/jetbrains/kotlinx/kotlinx-coroutines-core/1.5.2/kotlinx-coroutines-core-1.5.2.jar:/Users/ht66yb/.m2/repository/org/jetbrains/kotlinx/kotlinx-coroutines-core-jvm/1.5.2/kotlinx-coroutines-core-jvm-1.5.2.jar:/Users/ht66yb/.m2/repository/org/jetbrains/kotlinx/kotlinx-coroutines-reactor/1.5.2/kotlinx-coroutines-reactor-1.5.2.jar:/Users/ht66yb/.m2/repository/org/jetbrains/kotlinx/kotlinx-coroutines-reactive/1.5.2/kotlinx-coroutines-reactive-1.5.2.jar:/Users/ht66yb/.m2/repository/org/junit/platform/junit-platform-launcher/1.8.1/junit-platform-launcher-1.8.1.jar:/Users/ht66yb/.m2/repository/org/junit/platform/junit-platform-engine/1.8.1/junit-platform-engine-1.8.1.jar:/Users/ht66yb/.m2/repository/org/opentest4j/opentest4j/1.2.0/opentest4j-1.2.0.jar:/Users/ht66yb/.m2/repository/org/junit/platform/junit-platform-commons/1.8.1/junit-platform-commons-1.8.1.jar:/Users/ht66yb/.m2/repository/org/apiguardian/apiguardian-api/1.1.2/apiguardian-api-1.1.2.jar:/Users/ht66yb/.m2/repository/org/junit/jupiter/junit-jupiter-engine/5.8.1/junit-jupiter-engine-5.8.1.jar:/Users/ht66yb/.m2/repository/org/junit/jupiter/junit-jupiter-api/5.8.1/junit-jupiter-api-5.8.1.jar:/Users/ht66yb/.m2/repository/org/junit/vintage/junit-vintage-engine/5.8.1/junit-vintage-engine-5.8.1.jar:/Users/ht66yb/.m2/repository/junit/junit/4.13.2/junit-4.13.2.jar:/Users/ht66yb/.m2/repository/org/hamcrest/hamcrest-core/2.2/hamcrest-core-2.2.jar:/Users/ht66yb/.m2/repository/org/springframework/boot/spring-boot-starter-test/2.5.6/spring-boot-starter-test-2.5.6.jar:/Users/ht66yb/.m2/repository/org/springframework/boot/spring-boot-test/2.5.6/spring-boot-test-2.5.6.jar:/Users/ht66yb/.m2/repository/org/springframework/boot/spring-boot-test-autoconfigure/2.5.6/spring-boot-test-autoconfigure-2.5.6.jar:/Users/ht66yb/.m2/repository/com/jayway/jsonpath/json-path/2.5.0/json-path-2.5.0.jar:/Users/ht66yb/.m2/repository/net/minidev/json-smart/2.4.7/json-smart-2.4.7.jar:/Users/ht66yb/.m2/repository/net/minidev/accessors-smart/2.4.7/accessors-smart-2.4.7.jar:/Users/ht66yb/.m2/repository/org/ow2/asm/asm/9.1/asm-9.1.jar:/Users/ht66yb/.m2/repository/jakarta/xml/bind/jakarta.xml.bind-api/2.3.3/jakarta.xml.bind-api-2.3.3.jar:/Users/ht66yb/.m2/repository/jakarta/activation/jakarta.activation-api/1.2.2/jakarta.activation-api-1.2.2.jar:/Users/ht66yb/.m2/repository/org/assertj/assertj-core/3.19.0/assertj-core-3.19.0.jar:/Users/ht66yb/.m2/repository/org/hamcrest/hamcrest/2.2/hamcrest-2.2.jar:/Users/ht66yb/.m2/repository/org/junit/jupiter/junit-jupiter/5.8.1/junit-jupiter-5.8.1.jar:/Users/ht66yb/.m2/repository/org/junit/jupiter/junit-jupiter-params/5.8.1/junit-jupiter-params-5.8.1.jar:/Users/ht66yb/.m2/repository/org/mockito/mockito-core/3.9.0/mockito-core-3.9.0.jar:/Users/ht66yb/.m2/repository/net/bytebuddy/byte-buddy/1.10.22/byte-buddy-1.10.22.jar:/Users/ht66yb/.m2/repository/net/bytebuddy/byte-buddy-agent/1.10.22/byte-buddy-agent-1.10.22.jar:/Users/ht66yb/.m2/repository/org/objenesis/objenesis/3.2/objenesis-3.2.jar:/Users/ht66yb/.m2/repository/org/mockito/mockito-junit-jupiter/3.9.0/mockito-junit-jupiter-3.9.0.jar:/Users/ht66yb/.m2/repository/org/skyscreamer/jsonassert/1.5.0/jsonassert-1.5.0.jar:/Users/ht66yb/.m2/repository/com/vaadin/external/google/android-json/0.0.20131108.vaadin1/android-json-0.0.20131108.vaadin1.jar:/Users/ht66yb/.m2/repository/org/springframework/spring-core/5.3.12/spring-core-5.3.12.jar:/Users/ht66yb/.m2/repository/org/springframework/spring-jcl/5.3.12/spring-jcl-5.3.12.jar:/Users/ht66yb/.m2/repository/org/springframework/spring-test/5.3.12/spring-test-5.3.12.jar:/Users/ht66yb/.m2/repository/org/xmlunit/xmlunit-core/2.8.3/xmlunit-core-2.8.3.jar:/Users/ht66yb/.m2/repository/io/projectreactor/reactor-test/3.4.11/reactor-test-3.4.11.jar:/Users/ht66yb/.m2/repository/com/ninja-squad/springmockk/3.0.1/springmockk-3.0.1.jar:/Users/ht66yb/.m2/repository/io/mockk/mockk/1.10.2/mockk-1.10.2.jar:/Users/ht66yb/.m2/repository/io/mockk/mockk-common/1.10.2/mockk-common-1.10.2.jar:/Users/ht66yb/.m2/repository/io/mockk/mockk-dsl/1.10.2/mockk-dsl-1.10.2.jar:/Users/ht66yb/.m2/repository/io/mockk/mockk-dsl-jvm/1.10.2/mockk-dsl-jvm-1.10.2.jar:/Users/ht66yb/.m2/repository/io/mockk/mockk-agent-jvm/1.10.2/mockk-agent-jvm-1.10.2.jar:/Users/ht66yb/.m2/repository/io/mockk/mockk-agent-api/1.10.2/mockk-agent-api-1.10.2.jar:/Users/ht66yb/.m2/repository/io/mockk/mockk-agent-common/1.10.2/mockk-agent-common-1.10.2.jar:/Users/ht66yb/.m2/repository/org/springframework/spring-context/5.3.12/spring-context-5.3.12.jar:/Users/ht66yb/.m2/repository/org/springframework/spring-aop/5.3.12/spring-aop-5.3.12.jar:/Users/ht66yb/.m2/repository/org/springframework/spring-expression/5.3.12/spring-expression-5.3.12.jar:"/>
    <property name="java.vm.vendor" value="Oracle Corporation"/>
    <property name="sun.arch.data.model" value="64"/>
    <property name="java.vendor.url" value="http://java.oracle.com/"/>
    <property name="user.timezone" value=""/>
    <property name="java.vm.specification.version" value="11"/>
    <property name="os.name" value="Mac OS X"/>
    <property name="sun.java.launcher" value="SUN_STANDARD"/>
    <property name="user.country" value="NL"/>
    <property name="sun.boot.library.path" value="/Library/Java/JavaVirtualMachines/jdk-11.0.4.jdk/Contents/Home/lib"/>
    <property name="sun.java.command" value="/Users/ht66yb/Developer/spring-boot-webflux-kotlin-postgresql-example/target/surefire/surefirebooter1842396084282723516.jar /Users/ht66yb/Developer/spring-boot-webflux-kotlin-postgresql-example/target/surefire 2021-11-26T18-11-37_224-jvmRun1 surefire5264207710610581164tmp surefire_0646891608067886048tmp"/>
    <property name="jdk.debug" value="release"/>
    <property name="surefire.test.class.path" value="/Users/ht66yb/Developer/spring-boot-webflux-kotlin-postgresql-example/target/test-classes:/Users/ht66yb/Developer/spring-boot-webflux-kotlin-postgresql-example/target/classes:/Users/ht66yb/.m2/repository/org/springframework/boot/spring-boot-starter-data-r2dbc/2.5.6/spring-boot-starter-data-r2dbc-2.5.6.jar:/Users/ht66yb/.m2/repository/org/springframework/boot/spring-boot-starter/2.5.6/spring-boot-starter-2.5.6.jar:/Users/ht66yb/.m2/repository/org/springframework/boot/spring-boot/2.5.6/spring-boot-2.5.6.jar:/Users/ht66yb/.m2/repository/org/springframework/boot/spring-boot-autoconfigure/2.5.6/spring-boot-autoconfigure-2.5.6.jar:/Users/ht66yb/.m2/repository/org/springframework/boot/spring-boot-starter-logging/2.5.6/spring-boot-starter-logging-2.5.6.jar:/Users/ht66yb/.m2/repository/ch/qos/logback/logback-classic/1.2.6/logback-classic-1.2.6.jar:/Users/ht66yb/.m2/repository/ch/qos/logback/logback-core/1.2.6/logback-core-1.2.6.jar:/Users/ht66yb/.m2/repository/org/apache/logging/log4j/log4j-to-slf4j/2.14.1/log4j-to-slf4j-2.14.1.jar:/Users/ht66yb/.m2/repository/org/apache/logging/log4j/log4j-api/2.14.1/log4j-api-2.14.1.jar:/Users/ht66yb/.m2/repository/org/slf4j/jul-to-slf4j/1.7.32/jul-to-slf4j-1.7.32.jar:/Users/ht66yb/.m2/repository/jakarta/annotation/jakarta.annotation-api/1.3.5/jakarta.annotation-api-1.3.5.jar:/Users/ht66yb/.m2/repository/org/yaml/snakeyaml/1.28/snakeyaml-1.28.jar:/Users/ht66yb/.m2/repository/org/springframework/data/spring-data-r2dbc/1.3.6/spring-data-r2dbc-1.3.6.jar:/Users/ht66yb/.m2/repository/org/springframework/data/spring-data-commons/2.5.6/spring-data-commons-2.5.6.jar:/Users/ht66yb/.m2/repository/org/springframework/data/spring-data-relational/2.2.6/spring-data-relational-2.2.6.jar:/Users/ht66yb/.m2/repository/org/springframework/spring-r2dbc/5.3.12/spring-r2dbc-5.3.12.jar:/Users/ht66yb/.m2/repository/org/springframework/spring-tx/5.3.12/spring-tx-5.3.12.jar:/Users/ht66yb/.m2/repository/org/springframework/spring-beans/5.3.12/spring-beans-5.3.12.jar:/Users/ht66yb/.m2/repository/org/slf4j/slf4j-api/1.7.32/slf4j-api-1.7.32.jar:/Users/ht66yb/.m2/repository/io/r2dbc/r2dbc-pool/0.8.7.RELEASE/r2dbc-pool-0.8.7.RELEASE.jar:/Users/ht66yb/.m2/repository/io/projectreactor/addons/reactor-pool/0.2.7/reactor-pool-0.2.7.jar:/Users/ht66yb/.m2/repository/org/springframework/boot/spring-boot-starter-webflux/2.5.6/spring-boot-starter-webflux-2.5.6.jar:/Users/ht66yb/.m2/repository/org/springframework/boot/spring-boot-starter-json/2.5.6/spring-boot-starter-json-2.5.6.jar:/Users/ht66yb/.m2/repository/com/fasterxml/jackson/datatype/jackson-datatype-jdk8/2.12.5/jackson-datatype-jdk8-2.12.5.jar:/Users/ht66yb/.m2/repository/com/fasterxml/jackson/datatype/jackson-datatype-jsr310/2.12.5/jackson-datatype-jsr310-2.12.5.jar:/Users/ht66yb/.m2/repository/com/fasterxml/jackson/module/jackson-module-parameter-names/2.12.5/jackson-module-parameter-names-2.12.5.jar:/Users/ht66yb/.m2/repository/org/springframework/boot/spring-boot-starter-reactor-netty/2.5.6/spring-boot-starter-reactor-netty-2.5.6.jar:/Users/ht66yb/.m2/repository/io/projectreactor/netty/reactor-netty-http/1.0.12/reactor-netty-http-1.0.12.jar:/Users/ht66yb/.m2/repository/io/netty/netty-codec-http/4.1.69.Final/netty-codec-http-4.1.69.Final.jar:/Users/ht66yb/.m2/repository/io/netty/netty-common/4.1.69.Final/netty-common-4.1.69.Final.jar:/Users/ht66yb/.m2/repository/io/netty/netty-buffer/4.1.69.Final/netty-buffer-4.1.69.Final.jar:/Users/ht66yb/.m2/repository/io/netty/netty-transport/4.1.69.Final/netty-transport-4.1.69.Final.jar:/Users/ht66yb/.m2/repository/io/netty/netty-codec/4.1.69.Final/netty-codec-4.1.69.Final.jar:/Users/ht66yb/.m2/repository/io/netty/netty-handler/4.1.69.Final/netty-handler-4.1.69.Final.jar:/Users/ht66yb/.m2/repository/io/netty/netty-codec-http2/4.1.69.Final/netty-codec-http2-4.1.69.Final.jar:/Users/ht66yb/.m2/repository/io/netty/netty-resolver-dns/4.1.69.Final/netty-resolver-dns-4.1.69.Final.jar:/Users/ht66yb/.m2/repository/io/netty/netty-resolver/4.1.69.Final/netty-resolver-4.1.69.Final.jar:/Users/ht66yb/.m2/repository/io/netty/netty-codec-dns/4.1.69.Final/netty-codec-dns-4.1.69.Final.jar:/Users/ht66yb/.m2/repository/io/netty/netty-resolver-dns-native-macos/4.1.69.Final/netty-resolver-dns-native-macos-4.1.69.Final-osx-x86_64.jar:/Users/ht66yb/.m2/repository/io/netty/netty-transport-native-unix-common/4.1.69.Final/netty-transport-native-unix-common-4.1.69.Final.jar:/Users/ht66yb/.m2/repository/io/netty/netty-transport-native-epoll/4.1.69.Final/netty-transport-native-epoll-4.1.69.Final-linux-x86_64.jar:/Users/ht66yb/.m2/repository/io/projectreactor/netty/reactor-netty-core/1.0.12/reactor-netty-core-1.0.12.jar:/Users/ht66yb/.m2/repository/io/netty/netty-handler-proxy/4.1.69.Final/netty-handler-proxy-4.1.69.Final.jar:/Users/ht66yb/.m2/repository/io/netty/netty-codec-socks/4.1.69.Final/netty-codec-socks-4.1.69.Final.jar:/Users/ht66yb/.m2/repository/org/springframework/spring-web/5.3.12/spring-web-5.3.12.jar:/Users/ht66yb/.m2/repository/org/springframework/spring-webflux/5.3.12/spring-webflux-5.3.12.jar:/Users/ht66yb/.m2/repository/io/r2dbc/r2dbc-h2/0.8.4.RELEASE/r2dbc-h2-0.8.4.RELEASE.jar:/Users/ht66yb/.m2/repository/com/h2database/h2/1.4.200/h2-1.4.200.jar:/Users/ht66yb/.m2/repository/io/projectreactor/reactor-core/3.4.11/reactor-core-3.4.11.jar:/Users/ht66yb/.m2/repository/io/r2dbc/r2dbc-spi/0.8.6.RELEASE/r2dbc-spi-0.8.6.RELEASE.jar:/Users/ht66yb/.m2/repository/org/reactivestreams/reactive-streams/1.0.3/reactive-streams-1.0.3.jar:/Users/ht66yb/.m2/repository/com/fasterxml/jackson/module/jackson-module-kotlin/2.12.5/jackson-module-kotlin-2.12.5.jar:/Users/ht66yb/.m2/repository/com/fasterxml/jackson/core/jackson-databind/2.12.5/jackson-databind-2.12.5.jar:/Users/ht66yb/.m2/repository/com/fasterxml/jackson/core/jackson-core/2.12.5/jackson-core-2.12.5.jar:/Users/ht66yb/.m2/repository/com/fasterxml/jackson/core/jackson-annotations/2.12.5/jackson-annotations-2.12.5.jar:/Users/ht66yb/.m2/repository/io/projectreactor/kotlin/reactor-kotlin-extensions/1.1.5/reactor-kotlin-extensions-1.1.5.jar:/Users/ht66yb/.m2/repository/org/jetbrains/kotlin/kotlin-reflect/1.5.31/kotlin-reflect-1.5.31.jar:/Users/ht66yb/.m2/repository/org/jetbrains/kotlin/kotlin-stdlib/1.5.31/kotlin-stdlib-1.5.31.jar:/Users/ht66yb/.m2/repository/org/jetbrains/annotations/13.0/annotations-13.0.jar:/Users/ht66yb/.m2/repository/org/jetbrains/kotlin/kotlin-stdlib-common/1.5.31/kotlin-stdlib-common-1.5.31.jar:/Users/ht66yb/.m2/repository/org/jetbrains/kotlin/kotlin-stdlib-jdk8/1.5.31/kotlin-stdlib-jdk8-1.5.31.jar:/Users/ht66yb/.m2/repository/org/jetbrains/kotlin/kotlin-stdlib-jdk7/1.5.31/kotlin-stdlib-jdk7-1.5.31.jar:/Users/ht66yb/.m2/repository/org/jetbrains/kotlinx/kotlinx-coroutines-core/1.5.2/kotlinx-coroutines-core-1.5.2.jar:/Users/ht66yb/.m2/repository/org/jetbrains/kotlinx/kotlinx-coroutines-core-jvm/1.5.2/kotlinx-coroutines-core-jvm-1.5.2.jar:/Users/ht66yb/.m2/repository/org/jetbrains/kotlinx/kotlinx-coroutines-reactor/1.5.2/kotlinx-coroutines-reactor-1.5.2.jar:/Users/ht66yb/.m2/repository/org/jetbrains/kotlinx/kotlinx-coroutines-reactive/1.5.2/kotlinx-coroutines-reactive-1.5.2.jar:/Users/ht66yb/.m2/repository/org/junit/platform/junit-platform-launcher/1.8.1/junit-platform-launcher-1.8.1.jar:/Users/ht66yb/.m2/repository/org/junit/platform/junit-platform-engine/1.8.1/junit-platform-engine-1.8.1.jar:/Users/ht66yb/.m2/repository/org/opentest4j/opentest4j/1.2.0/opentest4j-1.2.0.jar:/Users/ht66yb/.m2/repository/org/junit/platform/junit-platform-commons/1.8.1/junit-platform-commons-1.8.1.jar:/Users/ht66yb/.m2/repository/org/apiguardian/apiguardian-api/1.1.2/apiguardian-api-1.1.2.jar:/Users/ht66yb/.m2/repository/org/junit/jupiter/junit-jupiter-engine/5.8.1/junit-jupiter-engine-5.8.1.jar:/Users/ht66yb/.m2/repository/org/junit/jupiter/junit-jupiter-api/5.8.1/junit-jupiter-api-5.8.1.jar:/Users/ht66yb/.m2/repository/org/junit/vintage/junit-vintage-engine/5.8.1/junit-vintage-engine-5.8.1.jar:/Users/ht66yb/.m2/repository/junit/junit/4.13.2/junit-4.13.2.jar:/Users/ht66yb/.m2/repository/org/hamcrest/hamcrest-core/2.2/hamcrest-core-2.2.jar:/Users/ht66yb/.m2/repository/org/springframework/boot/spring-boot-starter-test/2.5.6/spring-boot-starter-test-2.5.6.jar:/Users/ht66yb/.m2/repository/org/springframework/boot/spring-boot-test/2.5.6/spring-boot-test-2.5.6.jar:/Users/ht66yb/.m2/repository/org/springframework/boot/spring-boot-test-autoconfigure/2.5.6/spring-boot-test-autoconfigure-2.5.6.jar:/Users/ht66yb/.m2/repository/com/jayway/jsonpath/json-path/2.5.0/json-path-2.5.0.jar:/Users/ht66yb/.m2/repository/net/minidev/json-smart/2.4.7/json-smart-2.4.7.jar:/Users/ht66yb/.m2/repository/net/minidev/accessors-smart/2.4.7/accessors-smart-2.4.7.jar:/Users/ht66yb/.m2/repository/org/ow2/asm/asm/9.1/asm-9.1.jar:/Users/ht66yb/.m2/repository/jakarta/xml/bind/jakarta.xml.bind-api/2.3.3/jakarta.xml.bind-api-2.3.3.jar:/Users/ht66yb/.m2/repository/jakarta/activation/jakarta.activation-api/1.2.2/jakarta.activation-api-1.2.2.jar:/Users/ht66yb/.m2/repository/org/assertj/assertj-core/3.19.0/assertj-core-3.19.0.jar:/Users/ht66yb/.m2/repository/org/hamcrest/hamcrest/2.2/hamcrest-2.2.jar:/Users/ht66yb/.m2/repository/org/junit/jupiter/junit-jupiter/5.8.1/junit-jupiter-5.8.1.jar:/Users/ht66yb/.m2/repository/org/junit/jupiter/junit-jupiter-params/5.8.1/junit-jupiter-params-5.8.1.jar:/Users/ht66yb/.m2/repository/org/mockito/mockito-core/3.9.0/mockito-core-3.9.0.jar:/Users/ht66yb/.m2/repository/net/bytebuddy/byte-buddy/1.10.22/byte-buddy-1.10.22.jar:/Users/ht66yb/.m2/repository/net/bytebuddy/byte-buddy-agent/1.10.22/byte-buddy-agent-1.10.22.jar:/Users/ht66yb/.m2/repository/org/objenesis/objenesis/3.2/objenesis-3.2.jar:/Users/ht66yb/.m2/repository/org/mockito/mockito-junit-jupiter/3.9.0/mockito-junit-jupiter-3.9.0.jar:/Users/ht66yb/.m2/repository/org/skyscreamer/jsonassert/1.5.0/jsonassert-1.5.0.jar:/Users/ht66yb/.m2/repository/com/vaadin/external/google/android-json/0.0.20131108.vaadin1/android-json-0.0.20131108.vaadin1.jar:/Users/ht66yb/.m2/repository/org/springframework/spring-core/5.3.12/spring-core-5.3.12.jar:/Users/ht66yb/.m2/repository/org/springframework/spring-jcl/5.3.12/spring-jcl-5.3.12.jar:/Users/ht66yb/.m2/repository/org/springframework/spring-test/5.3.12/spring-test-5.3.12.jar:/Users/ht66yb/.m2/repository/org/xmlunit/xmlunit-core/2.8.3/xmlunit-core-2.8.3.jar:/Users/ht66yb/.m2/repository/io/projectreactor/reactor-test/3.4.11/reactor-test-3.4.11.jar:/Users/ht66yb/.m2/repository/com/ninja-squad/springmockk/3.0.1/springmockk-3.0.1.jar:/Users/ht66yb/.m2/repository/io/mockk/mockk/1.10.2/mockk-1.10.2.jar:/Users/ht66yb/.m2/repository/io/mockk/mockk-common/1.10.2/mockk-common-1.10.2.jar:/Users/ht66yb/.m2/repository/io/mockk/mockk-dsl/1.10.2/mockk-dsl-1.10.2.jar:/Users/ht66yb/.m2/repository/io/mockk/mockk-dsl-jvm/1.10.2/mockk-dsl-jvm-1.10.2.jar:/Users/ht66yb/.m2/repository/io/mockk/mockk-agent-jvm/1.10.2/mockk-agent-jvm-1.10.2.jar:/Users/ht66yb/.m2/repository/io/mockk/mockk-agent-api/1.10.2/mockk-agent-api-1.10.2.jar:/Users/ht66yb/.m2/repository/io/mockk/mockk-agent-common/1.10.2/mockk-agent-common-1.10.2.jar:/Users/ht66yb/.m2/repository/org/springframework/spring-context/5.3.12/spring-context-5.3.12.jar:/Users/ht66yb/.m2/repository/org/springframework/spring-aop/5.3.12/spring-aop-5.3.12.jar:/Users/ht66yb/.m2/repository/org/springframework/spring-expression/5.3.12/spring-expression-5.3.12.jar:"/>
    <property name="sun.cpu.endian" value="little"/>
    <property name="user.home" value="/Users/ht66yb"/>
    <property name="user.language" value="en"/>
    <property name="java.specification.vendor" value="Oracle Corporation"/>
    <property name="java.version.date" value="2019-07-16"/>
    <property name="java.home" value="/Library/Java/JavaVirtualMachines/jdk-11.0.4.jdk/Contents/Home"/>
    <property name="file.separator" value="/"/>
    <property name="basedir" value="/Users/ht66yb/Developer/spring-boot-webflux-kotlin-postgresql-example"/>
    <property name="java.vm.compressedOopsMode" value="Zero based"/>
    <property name="line.separator" value="&#10;"/>
    <property name="java.specification.name" value="Java Platform API Specification"/>
    <property name="java.vm.specification.vendor" value="Oracle Corporation"/>
    <property name="java.awt.graphicsenv" value="sun.awt.CGraphicsEnvironment"/>
    <property name="surefire.real.class.path" value="/Users/ht66yb/Developer/spring-boot-webflux-kotlin-postgresql-example/target/surefire/surefirebooter1842396084282723516.jar"/>
    <property name="sun.management.compiler" value="HotSpot 64-Bit Tiered Compilers"/>
    <property name="java.runtime.version" value="11.0.4+10-LTS"/>
    <property name="user.name" value="ht66yb"/>
    <property name="path.separator" value=":"/>
    <property name="os.version" value="10.16"/>
    <property name="java.runtime.name" value="Java(TM) SE Runtime Environment"/>
    <property name="file.encoding" value="US-ASCII"/>
    <property name="java.vm.name" value="Java HotSpot(TM) 64-Bit Server VM"/>
    <property name="java.vendor.version" value="18.9"/>
    <property name="localRepository" value="/Users/ht66yb/.m2/repository"/>
    <property name="java.vendor.url.bug" value="http://bugreport.java.com/bugreport/"/>
    <property name="java.io.tmpdir" value="/var/folders/5c/xp4hx1b90nd57dc9ylrl3bg00000gq/T/"/>
    <property name="java.version" value="11.0.4"/>
    <property name="user.dir" value="/Users/ht66yb/Developer/spring-boot-webflux-kotlin-postgresql-example"/>
    <property name="os.arch" value="x86_64"/>
    <property name="java.vm.specification.name" value="Java Virtual Machine Specification"/>
    <property name="java.awt.printerjob" value="sun.lwawt.macosx.CPrinterJob"/>
    <property name="sun.os.patch.level" value="unknown"/>
    <property name="java.library.path" value="/Users/ht66yb/Library/Java/Extensions:/Library/Java/Extensions:/Network/Library/Java/Extensions:/System/Library/Java/Extensions:/usr/lib/java:."/>
    <property name="java.vendor" value="Oracle Corporation"/>
    <property name="java.vm.info" value="mixed mode"/>
    <property name="java.vm.version" value="11.0.4+10-LTS"/>
    <property name="sun.io.unicode.encoding" value="UnicodeBig"/>
    <property name="java.class.version" value="55.0"/>
  </properties>
  <testcase name="Retrieve cat by non-existing id" classname="nl.bjornvanderlaan.springwebfluxkotlinfunctional.CatRouterTest" time="0.807"/>
  <testcase name="Update cat with non-existing id" classname="nl.bjornvanderlaan.springwebfluxkotlinfunctional.CatRouterTest" time="0.254"/>
  <testcase name="Add a new cat" classname="nl.bjornvanderlaan.springwebfluxkotlinfunctional.CatRouterTest" time="0.058"/>
  <testcase name="Retrieve all cats" classname="nl.bjornvanderlaan.springwebfluxkotlinfunctional.CatRouterTest" time="0.135"/>
  <testcase name="Update cat with empty request body id" classname="nl.bjornvanderlaan.springwebfluxkotlinfunctional.CatRouterTest" time="0.038"/>
  <testcase name="Add a new cat with empty request body" classname="nl.bjornvanderlaan.springwebfluxkotlinfunctional.CatRouterTest" time="0.014"/>
  <testcase name="Retrieve cat by existing id" classname="nl.bjornvanderlaan.springwebfluxkotlinfunctional.CatRouterTest" time="0.028"/>
  <testcase name="Delete cat by non-existing id" classname="nl.bjornvanderlaan.springwebfluxkotlinfunctional.CatRouterTest" time="0.029"/>
  <testcase name="Delete cat with existing id" classname="nl.bjornvanderlaan.springwebfluxkotlinfunctional.CatRouterTest" time="0.016"/>
  <testcase name="Update a cat" classname="nl.bjornvanderlaan.springwebfluxkotlinfunctional.CatRouterTest" time="0.018"/>
</testsuite>